Fitter Finalize Stage Report for base
Mon Mar 27 16:01:20 2017
Quartus Prime Version 16.1.2 Build 203 01/18/2017 SJ Pro Edition


---------------------
; Table of Contents ;
---------------------
  1. Legal Notice
  2. Fitter HSLP Summary



----------------
; Legal Notice ;
----------------
Copyright (C) 2017  Intel Corporation. All rights reserved.
Your use of Intel Corporation's design tools, logic functions 
and other software and tools, and its AMPP partner logic 
functions, and any output files from any of the foregoing 
(including device programming or simulation files), and any 
associated documentation or information are expressly subject 
to the terms and conditions of the Intel Program License 
Subscription Agreement, the Intel Quartus Prime License Agreement,
the Intel MegaCore Function License Agreement, or other 
applicable license agreement, including, without limitation, 
that your use is for the sole purpose of programming logic 
devices manufactured by Intel and sold by Intel or its 
authorized distributors.  Please refer to the applicable 
agreement for further details.



+---------------------------------------------------------------------------------+
; Fitter HSLP Summary                                                             ;
+--------------------------------------------------------+-----------------+------+
; Resource                                               ; Usage           ; %    ;
+--------------------------------------------------------+-----------------+------+
;                                                        ;                 ;      ;
; Programmable power technology high-speed tiles         ; 1,942 / 18,244  ; 11 % ;
; Programmable power technology low-power tiles          ; 16,302 / 18,244 ; 89 % ;
;     -- low-power tiles that are used by the design     ; 2,953 / 16,302  ; 18 % ;
;     -- unused tiles (low-power)                        ; 13,349 / 16,302 ; 82 % ;
;                                                        ;                 ;      ;
; Programmable power technology high-speed LAB tiles     ; 1,630 / 13,898  ; 12 % ;
; Programmable power technology low-power LAB tiles      ; 12,268 / 13,898 ; 88 % ;
;     -- low-power LAB tiles that are used by the design ; 2,710 / 12,268  ; 22 % ;
;     -- unused LAB tiles (low-power)                    ; 9,558 / 12,268  ; 78 % ;
;                                                        ;                 ;      ;
+--------------------------------------------------------+-----------------+------+


